::1 - - [15/Apr/2022:13:45:26 +0000] "PUT /authentification_web/refuser_demande/ih_akli@esi.dz/demande/67 HTTP/1.1" 500 21 "-" "PostmanRuntime/7.29.0"
::1 - - [15/Apr/2022:13:47:57 +0000] "PUT / HTTP/1.1" 404 139 "-" "PostmanRuntime/7.29.0"
::1 - - [15/Apr/2022:13:48:06 +0000] "GET / HTTP/1.1" 200 18 "-" "PostmanRuntime/7.29.0"
::1 - - [15/Apr/2022:13:48:53 +0000] "GET / HTTP/1.1" 200 18 "-" "PostmanRuntime/7.29.0"
::1 - - [15/Apr/2022:13:49:36 +0000] "GET / HTTP/1.1" 200 18 "-" "PostmanRuntime/7.29.0"
::1 - - [22/Apr/2022:11:28:47 +0000] "GET / HTTP/1.1" 200 18 "-" "Mozilla/5.0 (Windows NT 10.0; Win64; x64) AppleWebKit/537.36 (KHTML, like Gecko) Chrome/100.0.4896.127 Safari/537.36 Edg/100.0.1185.44"
::1 - - [22/Apr/2022:11:28:47 +0000] "GET /favicon.ico HTTP/1.1" 404 150 "http://localhost:3000/" "Mozilla/5.0 (Windows NT 10.0; Win64; x64) AppleWebKit/537.36 (KHTML, like Gecko) Chrome/100.0.4896.127 Safari/537.36 Edg/100.0.1185.44"
::1 - - [22/Apr/2022:11:40:05 +0000] "GET / HTTP/1.1" 304 - "-" "Mozilla/5.0 (Windows NT 10.0; Win64; x64) AppleWebKit/537.36 (KHTML, like Gecko) Chrome/100.0.4896.127 Safari/537.36 Edg/100.0.1185.44"
::1 - - [22/Apr/2022:11:40:27 +0000] "GET /gestionprofils/locataire/ HTTP/1.1" 403 9 "-" "PostmanRuntime/7.29.0"
::1 - - [22/Apr/2022:11:41:16 +0000] "GET /gestionprofils/locataire/ HTTP/1.1" 200 2 "-" "PostmanRuntime/7.29.0"
::1 - - [22/Apr/2022:11:41:26 +0000] "GET /gestionprofils/locataire/ HTTP/1.1" 200 2 "-" "PostmanRuntime/7.29.0"
::1 - - [22/Apr/2022:11:42:32 +0000] "GET /gestionprofils/locataire/1 HTTP/1.1" 200 2 "-" "PostmanRuntime/7.29.0"
::1 - - [22/Apr/2022:11:42:36 +0000] "GET /gestionprofils/locataire/1 HTTP/1.1" 200 2 "-" "PostmanRuntime/7.29.0" 
::1 - - [22/Apr/2022:11:43:21 +0000] "GET /gestionprofils/locataire/1 HTTP/1.1" 200 2 "-" "PostmanRuntime/7.29.0"
::1 - - [22/Apr/2022:11:43:57 +0000] "GET /gestionprofils/locataire/ HTTP/1.1" 200 2 "-" "PostmanRuntime/7.29.0"
::1 - - [22/Apr/2022:11:44:39 +0000] "GET /gestionprofils/locataire/ HTTP/1.1" 200 2 "-" "PostmanRuntime/7.29.0"
::1 - - [22/Apr/2022:11:45:56 +0000] "GET /gestionprofils/locataire/ HTTP/1.1" 200 2 "-" "PostmanRuntime/7.29.0"
::1 - - [22/Apr/2022:11:46:04 +0000] "GET /gestionprofils/decideur/ HTTP/1.1" 200 355 "-" "PostmanRuntime/7.29.0"
::1 - - [22/Apr/2022:11:46:12 +0000] "GET /gestionprofils/atc/ HTTP/1.1" 200 317 "-" "PostmanRuntime/7.29.0"
::1 - - [22/Apr/2022:11:46:21 +0000] "GET /gestionprofils/am/ HTTP/1.1" 200 415 "-" "PostmanRuntime/7.29.0"
::1 - - [22/Apr/2022:11:46:34 +0000] "GET /gestionprofils/locataire/ HTTP/1.1" 200 2 "-" "PostmanRuntime/7.29.0"
::1 - - [22/Apr/2022:11:47:39 +0000] "GET /gestionprofils/locataire/ HTTP/1.1" 200 2 "-" "PostmanRuntime/7.29.0"
::1 - - [22/Apr/2022:11:49:37 +0000] "GET /gestionprofils/locataire/ HTTP/1.1" 200 791 "-" "PostmanRuntime/7.29.0"
::1 - - [22/Apr/2022:11:50:04 +0000] "GET /gestionprofils/locataire/1 HTTP/1.1" 200 396 "-" "PostmanRuntime/7.29.0"
::1 - - [22/Apr/2022:11:50:18 +0000] "GET /gestionprofils/locataire/2 HTTP/1.1" 200 396 "-" "PostmanRuntime/7.29.0"
::1 - - [22/Apr/2022:11:50:28 +0000] "GET /gestionprofils/decideur/2 HTTP/1.1" 200 178 "-" "PostmanRuntime/7.29.0"
::1 - - [22/Apr/2022:11:50:32 +0000] "GET /gestionprofils/decideur/1 HTTP/1.1" 200 178 "-" "PostmanRuntime/7.29.0"
::1 - - [22/Apr/2022:11:50:38 +0000] "GET /gestionprofils/am/1 HTTP/1.1" 200 208 "-" "PostmanRuntime/7.29.0"
::1 - - [22/Apr/2022:11:50:52 +0000] "GET /gestionprofils/am/2 HTTP/1.1" 200 208 "-" "PostmanRuntime/7.29.0"
::1 - - [22/Apr/2022:11:51:14 +0000] "GET /gestionprofils/atc/2 HTTP/1.1" 200 159 "-" "PostmanRuntime/7.29.0"
::1 - - [22/Apr/2022:11:51:19 +0000] "GET /gestionprofils/atc/1 HTTP/1.1" 200 159 "-" "PostmanRuntime/7.29.0"
::ffff:127.0.0.1 - - [22/Apr/2022:14:05:14 +0000] "GET / HTTP/1.1" 200 18 "-" "Mozilla/5.0 (Windows NT 10.0; Win64; x64) AppleWebKit/537.36 (KHTML, like Gecko) Chrome/100.0.4896.127 Safari/537.36 Edg/100.0.1185.44"
::1 - - [22/Apr/2022:14:05:53 +0000] "GET /gestionprofils/atc/ HTTP/1.1" 200 273 "-" "PostmanRuntime/7.29.0"
::1 - - [22/Apr/2022:14:06:20 +0000] "GET /gestionprofils/atc/1 HTTP/1.1" 200 137 "-" "PostmanRuntime/7.29.0"
::1 - - [22/Apr/2022:14:06:33 +0000] "GET /gestionprofils/decideur/1 HTTP/1.1" 200 151 "-" "PostmanRuntime/7.29.0"
::1 - - [22/Apr/2022:14:06:37 +0000] "GET /gestionprofils/decideur/ HTTP/1.1" 200 301 "-" "PostmanRuntime/7.29.0"
::1 - - [23/Apr/2022:16:22:04 +0000] "GET / HTTP/1.1" 200 18 "-" "Mozilla/5.0 (Windows NT 10.0; Win64; x64) AppleWebKit/537.36 (KHTML, like Gecko) Chrome/100.0.4896.127 Safari/537.36 Edg/100.0.1185.44"
::1 - - [23/Apr/2022:16:22:05 +0000] "GET /favicon.ico HTTP/1.1" 404 150 "http://localhost:3000/" "Mozilla/5.0 (Windows NT 10.0; Win64; x64) AppleWebKit/537.36 (KHTML, like Gecko) Chrome/100.0.4896.127 Safari/537.36 Edg/100.0.1185.44"
::1 - - [23/Apr/2022:16:27:21 +0000] "POST /authentification_mobile/envoyer_demande_inscription/ HTTP/1.1" 200 2 "-" "PostmanRuntime/7.29.0"
::1 - - [23/Apr/2022:16:27:52 +0000] "POST /authentification_mobile/envoyer_demande_inscription/ HTTP/1.1" 200 2 "-" "PostmanRuntime/7.29.0"
::1 - - [23/Apr/2022:16:30:59 +0000] "POST /authentification_web/valider_demande/locataire1@gmail.com/demande/3 HTTP/1.1" 404 207 "-" "PostmanRuntime/7.29.0"
::1 - - [23/Apr/2022:16:31:08 +0000] "PUT /authentification_web/valider_demande/locataire1@gmail.com/demande/3 HTTP/1.1" 200 2 "-" "PostmanRuntime/7.29.0"
::1 - - [23/Apr/2022:16:35:25 +0000] "PUT /authentification_web/refuser_demande/locataire1@gmail.com/demande/4 HTTP/1.1" 500 21 "-" "PostmanRuntime/7.29.0"
::1 - - [23/Apr/2022:16:37:25 +0000] "PUT /authentification_web/refuser_demande/locataire1@gmail.com/demande/4 HTTP/1.1" 200 2 "-" "PostmanRuntime/7.29.0"
::1 - - [23/Apr/2022:16:38:47 +0000] "PUT /authentification_web/refuser_demande/locataire1@gmail.com/demande/4 HTTP/1.1" 403 9 "-" "PostmanRuntime/7.29.0"
::1 - - [23/Apr/2022:16:43:36 +0000] "PUT /authentification_web/refuser_demande/locataire1@gmail.com/demande/4 HTTP/1.1" 403 9 "-" "PostmanRuntime/7.29.0"
::1 - - [23/Apr/2022:16:44:07 +0000] "PUT /authentification_web/refuser_demande/locataire1@gmail.com/demande/4 HTTP/1.1" 200 2 "-" "PostmanRuntime/7.29.0"
::1 - - [25/Apr/2022:17:50:01 +0000] "GET / HTTP/1.1" 200 18 "-" "Mozilla/5.0 (Windows NT 10.0; Win64; x64) AppleWebKit/537.36 (KHTML, like Gecko) Chrome/100.0.4896.127 Safari/537.36 Edg/100.0.1185.50"
::1 - - [25/Apr/2022:17:50:08 +0000] "GET /favicon.ico HTTP/1.1" 404 150 "http://localhost:3000/" "Mozilla/5.0 (Windows NT 10.0; Win64; x64) AppleWebKit/537.36 (KHTML, like Gecko) Chrome/100.0.4896.127 Safari/537.36 Edg/100.0.1185.50"
::1 - - [25/Apr/2022:17:54:57 +0000] "PUT /authentification_web/valider_demande/ih_akli@esi.dz/demande/67 HTTP/1.1" 403 9 "-" "PostmanRuntime/7.29.0"
::1 - - [25/Apr/2022:17:58:17 +0000] "PUT /authentification_web/valider_demande/ih_akli@esi.dz/demande/67 HTTP/1.1" 403 9 "-" "PostmanRuntime/7.29.0"
::1 - - [25/Apr/2022:17:59:12 +0000] "PUT /authentification_web/valider_demande/ih_akli@esi.dz/demande/67 HTTP/1.1" 200 2 "-" "PostmanRuntime/7.29.0"
::1 - - [25/Apr/2022:18:05:19 +0000] "PUT /authentification_web/valider_demande/ih_akli@esi.dz/demande/67 HTTP/1.1" 200 2 "-" "PostmanRuntime/7.29.0"
::1 - - [25/Apr/2022:18:10:02 +0000] "PUT /authentification_web/valider_demande/ih_akli@esi.dz/demande/67 HTTP/1.1" 200 2 "-" "PostmanRuntime/7.29.0"
::1 - - [25/Apr/2022:18:14:11 +0000] "PUT /authentification_web/valider_demande/ih_akli@esi.dz/demande/67 HTTP/1.1" 403 9 "-" "PostmanRuntime/7.29.0"
::1 - - [25/Apr/2022:18:14:56 +0000] "PUT /authentification_web/valider_demande/ih_akli@esi.dz/demande/67 HTTP/1.1" 403 9 "-" "PostmanRuntime/7.29.0"
::1 - - [25/Apr/2022:18:16:29 +0000] "PUT /authentification_web/valider_demande/ih_akli@esi.dz/demande/67 HTTP/1.1" 200 2 "-" "PostmanRuntime/7.29.0"
::1 - - [25/Apr/2022:18:19:27 +0000] "PUT /authentification_web/valider_demande/ih_akli@esi.dz/demande/67 HTTP/1.1" 200 2 "-" "PostmanRuntime/7.29.0"
::1 - - [25/Apr/2022:18:26:05 +0000] "PUT /authentification_web/valider_demande/ih_akli@esi.dz/demande/67 HTTP/1.1" 200 2 "-" "PostmanRuntime/7.29.0"
::1 - - [25/Apr/2022:18:28:13 +0000] "PUT /authentification_web/valider_demande/ih_akli@esi.dz/demande/67 HTTP/1.1" 200 2 "-" "PostmanRuntime/7.29.0"
::1 - - [25/Apr/2022:18:58:16 +0000] "PUT /authentification_web/valider_demande/ih_akli@esi.dz/demande/67 HTTP/1.1" 200 2 "-" "PostmanRuntime/7.29.0"
::1 - - [25/Apr/2022:17:59:29 +0000] "PUT /authentification_web/valider_demande/ih_akli@esi.dz/demande/67 HTTP/1.1" 200 2 "-" "PostmanRuntime/7.29.0"
::1 - - [25/Apr/2022:18:23:40 +0000] "PUT /authentification_web/valider_demande/ih_akli@esi.dz/demande/67 HTTP/1.1" 200 2 "-" "PostmanRuntime/7.29.0"
::1 - - [25/Apr/2022:20:57:31 +0000] "PUT /authentification_web/valider_demande/ih_akli@esi.dz/demande/67 HTTP/1.1" 403 9 "-" "PostmanRuntime/7.29.0"
::1 - - [25/Apr/2022:20:58:03 +0000] "PUT /authentification_web/valider_demande/ih_akli@esi.dz/demande/67 HTTP/1.1" 200 2 "-" "PostmanRuntime/7.29.0"
::1 - - [25/Apr/2022:21:00:48 +0000] "PUT /authentification_web/valider_demande/ih_akli@esi.dz/demande/67 HTTP/1.1" 200 2 "-" "PostmanRuntime/7.29.0"
::1 - - [25/Apr/2022:21:01:41 +0000] "PUT /authentification_web/valider_demande/ih_akli@esi.dz/demande/67 HTTP/1.1" 200 2 "-" "PostmanRuntime/7.29.0"
::1 - - [25/Apr/2022:21:02:14 +0000] "PUT /authentification_web/valider_demande/ih_akli@esi.dz/demande/67 HTTP/1.1" 200 2 "-" "PostmanRuntime/7.29.0"
::1 - - [25/Apr/2022:21:02:55 +0000] "PUT /authentification_web/valider_demande/ih_akli@esi.dz/demande/67 HTTP/1.1" 200 2 "-" "PostmanRuntime/7.29.0"
::1 - - [25/Apr/2022:21:05:28 +0000] "PUT /authentification_web/valider_demande/ih_akli@esi.dz/demande/67 HTTP/1.1" 200 2 "-" "PostmanRuntime/7.29.0"
::1 - - [25/Apr/2022:22:48:12 +0000] "GET / HTTP/1.1" 304 - "-" "Mozilla/5.0 (Windows NT 10.0; Win64; x64) AppleWebKit/537.36 (KHTML, like Gecko) Chrome/100.0.4896.127 Safari/537.36 Edg/100.0.1185.50"
::1 - - [25/Apr/2022:22:49:13 +0000] "GET / HTTP/1.1" 304 - "-" "Mozilla/5.0 (Windows NT 10.0; Win64; x64) AppleWebKit/537.36 (KHTML, like Gecko) Chrome/100.0.4896.127 Safari/537.36 Edg/100.0.1185.50"
::1 - - [25/Apr/2022:22:50:42 +0000] "GET / HTTP/1.1" 304 - "-" "Mozilla/5.0 (Windows NT 10.0; Win64; x64) AppleWebKit/537.36 (KHTML, like Gecko) Chrome/100.0.4896.127 Safari/537.36 Edg/100.0.1185.50"
::1 - - [25/Apr/2022:22:52:16 +0000] "GET / HTTP/1.1" 304 - "-" "Mozilla/5.0 (Windows NT 10.0; Win64; x64) AppleWebKit/537.36 (KHTML, like Gecko) Chrome/100.0.4896.127 Safari/537.36 Edg/100.0.1185.50"
::1 - - [25/Apr/2022:22:52:38 +0000] "GET / HTTP/1.1" 304 - "-" "Mozilla/5.0 (Windows NT 10.0; Win64; x64) AppleWebKit/537.36 (KHTML, like Gecko) Chrome/100.0.4896.127 Safari/537.36 Edg/100.0.1185.50"
::1 - - [25/Apr/2022:22:56:13 +0000] "GET / HTTP/1.1" 304 - "-" "Mozilla/5.0 (Windows NT 10.0; Win64; x64) AppleWebKit/537.36 (KHTML, like Gecko) Chrome/100.0.4896.127 Safari/537.36 Edg/100.0.1185.50"
::1 - - [25/Apr/2022:23:10:02 +0000] "GET / HTTP/1.1" 304 - "-" "Mozilla/5.0 (Windows NT 10.0; Win64; x64) AppleWebKit/537.36 (KHTML, like Gecko) Chrome/100.0.4896.127 Safari/537.36 Edg/100.0.1185.50"
::1 - - [25/Apr/2022:23:17:28 +0000] "GET / HTTP/1.1" 304 - "-" "Mozilla/5.0 (Windows NT 10.0; Win64; x64) AppleWebKit/537.36 (KHTML, like Gecko) Chrome/100.0.4896.127 Safari/537.36 Edg/100.0.1185.50"
::1 - - [25/Apr/2022:23:19:51 +0000] "GET / HTTP/1.1" 304 - "-" "Mozilla/5.0 (Windows NT 10.0; Win64; x64) AppleWebKit/537.36 (KHTML, like Gecko) Chrome/100.0.4896.127 Safari/537.36 Edg/100.0.1185.50"
::1 - - [25/Apr/2022:23:20:45 +0000] "PUT /authentification_web/valider_demande/ih_akli@esi.dz/demande/67 HTTP/1.1" 200 2 "-" "PostmanRuntime/7.29.0"
::1 - - [25/Apr/2022:23:21:46 +0000] "PUT /authentification_web/valider_demande/ih_akli@esi.dz/demande/67 HTTP/1.1" 200 2 "-" "PostmanRuntime/7.29.0"
::1 - - [25/Apr/2022:23:27:16 +0000] "GET / HTTP/1.1" 304 - "-" "Mozilla/5.0 (Windows NT 10.0; Win64; x64) AppleWebKit/537.36 (KHTML, like Gecko) Chrome/100.0.4896.127 Safari/537.36 Edg/100.0.1185.50"
::1 - - [25/Apr/2022:23:33:26 +0000] "PUT /authentification_web/valider_demande/ih_akli@esi.dz/demande/67 HTTP/1.1" 200 2 "-" "PostmanRuntime/7.29.0"
::1 - - [25/Apr/2022:23:34:45 +0000] "PUT /authentification_web/valider_demande/ih_akli@esi.dz/demande/67 HTTP/1.1" 500 21 "-" "PostmanRuntime/7.29.0"
::1 - - [25/Apr/2022:23:41:36 +0000] "PUT /authentification_web/valider_demande/ih_akli@esi.dz/demande/67 HTTP/1.1" 200 2 "-" "PostmanRuntime/7.29.0"
::1 - - [25/Apr/2022:23:44:12 +0000] "PUT /authentification_web/valider_demande/ih_akli@esi.dz/demande/67 HTTP/1.1" 500 21 "-" "PostmanRuntime/7.29.0"
::1 - - [26/Apr/2022:00:00:10 +0000] "PUT /authentification_web/valider_demande/ih_akli@esi.dz/demande/67 HTTP/1.1" 500 21 "-" "PostmanRuntime/7.29.0"
::1 - - [26/Apr/2022:06:30:25 +0000] "PUT /authentification_web/valider_demande/ih_akli@esi.dz/demande/67 HTTP/1.1" - - "-" "PostmanRuntime/7.29.0"
::1 - - [26/Apr/2022:06:30:59 +0000] "PUT /authentification_web/valider_demande/ih_akli@esi.dz/demande/67 HTTP/1.1" - - "-" "PostmanRuntime/7.29.0"
::1 - - [26/Apr/2022:06:34:02 +0000] "PUT /authentification_web/valider_demande/ih_akli@esi.dz/demande/67 HTTP/1.1" - - "-" "PostmanRuntime/7.29.0"
::1 - - [26/Apr/2022:07:19:04 +0000] "PUT /authentification_web/valider_demande/ih_akli@esi.dz/demande/67 HTTP/1.1" - - "-" "PostmanRuntime/7.29.0"
::1 - - [26/Apr/2022:08:05:28 +0000] "PUT /authentification_web/valider_demande/ih_akli@esi.dz/demande/67 HTTP/1.1" - - "-" "PostmanRuntime/7.29.0"
::1 - - [26/Apr/2022:13:17:09 +0000] "GET / HTTP/1.1" 304 - "-" "Mozilla/5.0 (Windows NT 10.0; Win64; x64) AppleWebKit/537.36 (KHTML, like Gecko) Chrome/100.0.4896.127 Safari/537.36 Edg/100.0.1185.50"
::1 - - [26/Apr/2022:13:17:10 +0000] "GET /favicon.ico HTTP/1.1" 404 150 "http://localhost:3000/" "Mozilla/5.0 (Windows NT 10.0; Win64; x64) AppleWebKit/537.36 (KHTML, like Gecko) Chrome/100.0.4896.127 Safari/537.36 Edg/100.0.1185.50"
::1 - - [26/Apr/2022:13:20:48 +0000] "PUT /gestionprofils/modifier_atc/atc2 HTTP/1.1" - - "-" "PostmanRuntime/7.29.0"
::1 - - [26/Apr/2022:13:21:11 +0000] "PUT /gestionprofils/modifier_atc/atc2 HTTP/1.1" - - "-" "PostmanRuntime/7.29.0"
::1 - - [26/Apr/2022:13:22:07 +0000] "PUT /gestionprofils/modifier_atc/atc2 HTTP/1.1" - - "-" "PostmanRuntime/7.29.0"
::1 - - [26/Apr/2022:13:23:10 +0000] "PUT /gestionprofils/modifier_atc/atc2 HTTP/1.1" - - "-" "PostmanRuntime/7.29.0"
::1 - - [26/Apr/2022:13:23:36 +0000] "PUT /gestionprofils/modifier_atc/atc2 HTTP/1.1" - - "-" "PostmanRuntime/7.29.0"
::1 - - [26/Apr/2022:16:21:00 +0000] "PUT /gestionprofils/modifier_atc/atc2 HTTP/1.1" - - "-" "PostmanRuntime/7.29.0"
::1 - - [26/Apr/2022:16:29:58 +0000] "PUT /gestionprofils/modifier_atc/atc2 HTTP/1.1" - - "-" "PostmanRuntime/7.29.0"
::1 - - [26/Apr/2022:16:33:50 +0000] "PUT /gestionprofils/modifier_atc/atc2 HTTP/1.1" - - "-" "PostmanRuntime/7.29.0"
::1 - - [26/Apr/2022:16:35:10 +0000] "PUT /gestionprofils/modifier_atc/atc2 HTTP/1.1" - - "-" "PostmanRuntime/7.29.0"
::1 - - [26/Apr/2022:16:37:33 +0000] "PUT /gestionprofils/modifier_atc/atc2 HTTP/1.1" - - "-" "PostmanRuntime/7.29.0"
::1 - - [26/Apr/2022:16:38:08 +0000] "PUT /gestionprofils/modifier_atc/atc2 HTTP/1.1" - - "-" "PostmanRuntime/7.29.0"
::1 - - [26/Apr/2022:16:38:38 +0000] "PUT /gestionprofils/modifier_atc/atc2 HTTP/1.1" - - "-" "PostmanRuntime/7.29.0"
::1 - - [26/Apr/2022:16:39:38 +0000] "PUT /gestionprofils/modifier_atc/atc2 HTTP/1.1" - - "-" "PostmanRuntime/7.29.0"
::1 - - [26/Apr/2022:16:55:12 +0000] "PUT /gestionprofils/modifier_atc/atc2 HTTP/1.1" 200 2 "-" "PostmanRuntime/7.29.0"
::1 - - [26/Apr/2022:16:57:55 +0000] "PUT /gestionprofils/modifier_atc/atc2 HTTP/1.1" 500 21 "-" "PostmanRuntime/7.29.0"
::1 - - [26/Apr/2022:17:02:51 +0000] "PUT /gestionprofils/modifier_atc/atc2 HTTP/1.1" 406 14 "-" "PostmanRuntime/7.29.0"
::1 - - [26/Apr/2022:17:03:01 +0000] "PUT /gestionprofils/modifier_atc/atc2 HTTP/1.1" 200 2 "-" "PostmanRuntime/7.29.0"
::1 - - [27/Apr/2022:11:19:39 +0000] "GET / HTTP/1.1" 304 - "-" "Mozilla/5.0 (Windows NT 10.0; Win64; x64) AppleWebKit/537.36 (KHTML, like Gecko) Chrome/100.0.4896.127 Safari/537.36 Edg/100.0.1185.50"
::1 - - [27/Apr/2022:11:20:06 +0000] "PUT / HTTP/1.1" 404 139 "-" "PostmanRuntime/7.29.0"
::1 - - [27/Apr/2022:11:20:11 +0000] "GET / HTTP/1.1" 200 18 "-" "PostmanRuntime/7.29.0"
::1 - - [30/Apr/2022:17:37:36 +0000] "GET / HTTP/1.1" 200 18 "-" "Mozilla/5.0 (Windows NT 10.0; Win64; x64) AppleWebKit/537.36 (KHTML, like Gecko) Chrome/100.0.4896.127 Safari/537.36 Edg/100.0.1185.50"
::1 - - [30/Apr/2022:17:37:38 +0000] "GET /favicon.ico HTTP/1.1" 404 150 "http://localhost:3000/" "Mozilla/5.0 (Windows NT 10.0; Win64; x64) AppleWebKit/537.36 (KHTML, like Gecko) Chrome/100.0.4896.127 Safari/537.36 Edg/100.0.1185.50"
::1 - - [30/Apr/2022:17:38:21 +0000] "GET //flotte/marque/ HTTP/1.1" 404 154 "-" "PostmanRuntime/7.29.0"
::1 - - [30/Apr/2022:17:38:29 +0000] "GET /flotte/marque/ HTTP/1.1" 500 21 "-" "PostmanRuntime/7.29.0"
::1 - - [30/Apr/2022:17:40:01 +0000] "GET /flotte/marque/ HTTP/1.1" 200 177 "-" "PostmanRuntime/7.29.0"
::1 - - [30/Apr/2022:17:51:50 +0000] "GET /flotte/modele_marque/3 HTTP/1.1" 200 200 "-" "PostmanRuntime/7.29.0"
::1 - - [30/Apr/2022:18:13:33 +0000] "GET /flotte/modele_marque/1 HTTP/1.1" 200 132 "-" "PostmanRuntime/7.29.0"
::1 - - [04/May/2022:01:08:24 +0000] "GET / HTTP/1.1" 200 18 "-" "Mozilla/5.0 (Windows NT 10.0; Win64; x64) AppleWebKit/537.36 (KHTML, like Gecko) Chrome/101.0.4951.41 Safari/537.36 Edg/101.0.1210.32"
::1 - - [04/May/2022:01:08:25 +0000] "GET /favicon.ico HTTP/1.1" 404 150 "http://localhost:3000/" "Mozilla/5.0 (Windows NT 10.0; Win64; x64) AppleWebKit/537.36 (KHTML, like Gecko) Chrome/101.0.4951.41 Safari/537.36 Edg/101.0.1210.32"
::1 - - [04/May/2022:01:08:51 +0000] "GET /gestionlocations/get_locations_termines_by_locataire/f0CCX7X3vbcIE8YQfMIVDY48o6p1 HTTP/1.1" 500 21 "-" "PostmanRuntime/7.29.0"
::1 - - [04/May/2022:01:09:22 +0000] "GET /gestionlocations/get_locations_termines_by_locataire/f0CCX7X3vbcIE8YQfMIVDY48o6p1 HTTP/1.1" 500 21 "-" "PostmanRuntime/7.29.0"
::1 - - [04/May/2022:01:10:23 +0000] "GET /gestionlocations/get_locations_termines_by_locataire/f0CCX7X3vbcIE8YQfMIVDY48o6p1 HTTP/1.1" 200 759 "-" "PostmanRuntime/7.29.0"
::1 - - [04/May/2022:14:34:07 +0000] "POST /paiement/verifier_paiement/ HTTP/1.1" 403 9 "-" "PostmanRuntime/7.29.0"
::1 - - [04/May/2022:14:37:04 +0000] "POST /paiement/verifier_paiement/ HTTP/1.1" 500 21 "-" "PostmanRuntime/7.29.0"
::1 - - [04/May/2022:14:38:00 +0000] "POST /paiement/verifier_paiement/ HTTP/1.1" 500 21 "-" "PostmanRuntime/7.29.0"
::1 - - [04/May/2022:14:39:36 +0000] "POST /paiement/verifier_paiement/ HTTP/1.1" 200 2 "-" "PostmanRuntime/7.29.0"
::1 - - [04/May/2022:14:40:20 +0000] "POST /paiement/verifier_paiement/ HTTP/1.1" 406 14 "-" "PostmanRuntime/7.29.0"
::1 - - [04/May/2022:14:47:36 +0000] "POST /paiement/verifier_paiement/ HTTP/1.1" 200 2 "-" "PostmanRuntime/7.29.0"
::1 - - [04/May/2022:14:47:48 +0000] "POST /paiement/verifier_paiement/ HTTP/1.1" 406 14 "-" "PostmanRuntime/7.29.0"
::1 - - [04/May/2022:14:48:01 +0000] "POST /paiement/verifier_paiement/ HTTP/1.1" 200 2 "-" "PostmanRuntime/7.29.0"
::1 - - [04/May/2022:14:57:17 +0000] "POST /paiement/verifier_paiement/ HTTP/1.1" 500 21 "-" "PostmanRuntime/7.29.0"
::1 - - [04/May/2022:15:00:57 +0000] "POST /paiement/verifier_paiement/ HTTP/1.1" 200 2 "-" "PostmanRuntime/7.29.0"
::1 - - [04/May/2022:15:01:17 +0000] "POST /paiement/verifier_paiement/ HTTP/1.1" 200 2 "-" "PostmanRuntime/7.29.0"
::1 - - [04/May/2022:15:15:03 +0000] "GET /paiement/paiement_locataire/nnkzehla0ahcbSRg6rgUuAGTuPe2 HTTP/1.1" 200 2 "-" "PostmanRuntime/7.29.0"
::1 - - [04/May/2022:15:16:08 +0000] "GET /paiement/paiement_locataire/nnkzehla0ahcbSRg6rgUuAGTuPe2 HTTP/1.1" 200 359 "-" "PostmanRuntime/7.29.0"
::1 - - [04/May/2022:15:37:41 +0000] "GET /paiement/paiement_locataire/nnkzehla0ahcbSRg6rgUuAGTuPe2 HTTP/1.1" 200 531 "-" "PostmanRuntime/7.29.0"
::1 - - [07/May/2022:15:42:17 +0000] "GET / HTTP/1.1" 200 18 "-" "Mozilla/5.0 (Windows NT 10.0; Win64; x64) AppleWebKit/537.36 (KHTML, like Gecko) Chrome/101.0.4951.54 Safari/537.36 Edg/101.0.1210.39"
::1 - - [07/May/2022:15:42:18 +0000] "GET /favicon.ico HTTP/1.1" 404 150 "http://localhost:3000/" "Mozilla/5.0 (Windows NT 10.0; Win64; x64) AppleWebKit/537.36 (KHTML, like Gecko) Chrome/101.0.4951.54 Safari/537.36 Edg/101.0.1210.39"
::1 - - [07/May/2022:15:43:22 +0000] "POST /paiement/verifier_paiement/ HTTP/1.1" 406 14 "-" "PostmanRuntime/7.29.0"
::1 - - [07/May/2022:15:43:37 +0000] "POST /paiement/verifier_paiement/ HTTP/1.1" - - "-" "PostmanRuntime/7.29.0"
::1 - - [07/May/2022:15:43:50 +0000] "POST /paiement/verifier_paiement/ HTTP/1.1" 406 14 "-" "PostmanRuntime/7.29.0"
::1 - - [07/May/2022:15:44:04 +0000] "POST /paiement/verifier_paiement/ HTTP/1.1" 406 14 "-" "PostmanRuntime/7.29.0"
::1 - - [07/May/2022:15:45:40 +0000] "POST /paiement/verifier_paiement/ HTTP/1.1" 200 2 "-" "PostmanRuntime/7.29.0"
::1 - - [07/May/2022:15:45:51 +0000] "POST /paiement/verifier_paiement/ HTTP/1.1" 406 14 "-" "PostmanRuntime/7.29.0"
::1 - - [07/May/2022:15:46:00 +0000] "POST /paiement/verifier_paiement/ HTTP/1.1" 200 2 "-" "PostmanRuntime/7.29.0"
::1 - - [07/May/2022:16:36:13 +0000] "GET /gestionlocations/locations_termines HTTP/1.1" 200 232 "-" "PostmanRuntime/7.29.0"
::1 - - [07/May/2022:16:36:35 +0000] "GET /gestionlocations/locations_encours HTTP/1.1" 200 3972 "-" "PostmanRuntime/7.29.0"
::1 - - [08/May/2022:19:38:39 +0000] "GET / HTTP/1.1" 200 18 "-" "Mozilla/5.0 (Windows NT 10.0; Win64; x64) AppleWebKit/537.36 (KHTML, like Gecko) Chrome/101.0.4951.54 Safari/537.36 Edg/101.0.1210.39"
::1 - - [08/May/2022:19:38:40 +0000] "GET /favicon.ico HTTP/1.1" 404 150 "http://localhost:3000/" "Mozilla/5.0 (Windows NT 10.0; Win64; x64) AppleWebKit/537.36 (KHTML, like Gecko) Chrome/101.0.4951.54 Safari/537.36 Edg/101.0.1210.39"
::1 - - [08/May/2022:19:42:46 +0000] "GET /flotte/ajouter_vehicule/ HTTP/1.1" 404 163 "-" "PostmanRuntime/7.29.0"
::1 - - [08/May/2022:19:42:52 +0000] "POST /flotte/ajouter_vehicule/ HTTP/1.1" 403 9 "-" "PostmanRuntime/7.29.0"
::1 - - [08/May/2022:19:44:37 +0000] "POST /flotte/ajouter_vehicule/ HTTP/1.1" 500 21 "-" "PostmanRuntime/7.29.0"
::1 - - [08/May/2022:19:45:46 +0000] "POST /flotte/ajouter_vehicule/ HTTP/1.1" 200 2 "-" "PostmanRuntime/7.29.0"
::1 - - [08/May/2022:19:48:10 +0000] "POST /flotte/ajouter_vehicule/ HTTP/1.1" 200 2 "-" "PostmanRuntime/7.29.0"
::1 - - [08/May/2022:19:48:16 +0000] "POST /flotte/ajouter_vehicule/ HTTP/1.1" 500 21 "-" "PostmanRuntime/7.29.0"
::1 - - [08/May/2022:19:48:45 +0000] "POST /flotte/ajouter_vehicule/ HTTP/1.1" 500 21 "-" "PostmanRuntime/7.29.0"
::1 - - [08/May/2022:19:49:24 +0000] "POST /flotte/ajouter_vehicule/ HTTP/1.1" 500 21 "-" "PostmanRuntime/7.29.0"
::1 - - [08/May/2022:19:51:48 +0000] "POST /flotte/ajouter_vehicule/ HTTP/1.1" 500 21 "-" "PostmanRuntime/7.29.0"
::1 - - [08/May/2022:19:52:38 +0000] "POST /flotte/ajouter_vehicule/ HTTP/1.1" 500 21 "-" "PostmanRuntime/7.29.0"
::1 - - [08/May/2022:19:53:01 +0000] "POST /flotte/ajouter_vehicule/ HTTP/1.1" 500 21 "-" "PostmanRuntime/7.29.0"
::1 - - [08/May/2022:19:53:30 +0000] "POST /flotte/ajouter_vehicule/ HTTP/1.1" 200 2 "-" "PostmanRuntime/7.29.0"
::1 - - [08/May/2022:19:56:09 +0000] "POST /flotte/ajouter_vehicule/ HTTP/1.1" 200 2 "-" "PostmanRuntime/7.29.0"
::1 - - [08/May/2022:19:57:23 +0000] "POST /flotte/supprimer_vehicule/:2222222222 HTTP/1.1" 404 177 "-" "PostmanRuntime/7.29.0"
::1 - - [08/May/2022:19:57:28 +0000] "DELETE /flotte/supprimer_vehicule/:2222222222 HTTP/1.1" 200 2 "-" "PostmanRuntime/7.29.0"
::1 - - [08/May/2022:19:57:52 +0000] "POST /flotte/ajouter_vehicule/ HTTP/1.1" 200 2 "-" "PostmanRuntime/7.29.0"
::1 - - [08/May/2022:19:59:12 +0000] "DELETE /flotte/supprimer_vehicule/:2222222222 HTTP/1.1" 200 2 "-" "PostmanRuntime/7.29.0"
::1 - - [08/May/2022:20:00:36 +0000] "DELETE /flotte/supprimer_vehicule/2222222222 HTTP/1.1" 200 2 "-" "PostmanRuntime/7.29.0"
::1 - - [08/May/2022:20:05:47 +0000] "DELETE /flotte/ajouter_vehicule/ HTTP/1.1" 404 166 "-" "PostmanRuntime/7.29.0"
::1 - - [08/May/2022:20:06:45 +0000] "DELETE /flotte/ajouter_vehicule/ HTTP/1.1" 404 166 "-" "PostmanRuntime/7.29.0"
::1 - - [08/May/2022:20:06:50 +0000] "POST /flotte/ajouter_vehicule/ HTTP/1.1" 200 2 "-" "PostmanRuntime/7.29.0"
::1 - - [08/May/2022:20:12:26 +0000] "POST /gestionlocations/ajouter_location/ HTTP/1.1" 403 9 "-" "PostmanRuntime/7.29.0"
::1 - - [08/May/2022:20:13:58 +0000] "POST /gestionlocations/ajouter_location/ HTTP/1.1" 403 9 "-" "PostmanRuntime/7.29.0"
::1 - - [08/May/2022:20:16:35 +0000] "POST /gestionlocations/ajouter_location/ HTTP/1.1" 200 2 "-" "PostmanRuntime/7.29.0"
::1 - - [08/May/2022:20:18:28 +0000] "POST /gestionlocations/end_location/23 HTTP/1.1" 404 172 "-" "PostmanRuntime/7.29.0"
::1 - - [08/May/2022:20:18:36 +0000] "PUT /gestionlocations/end_location/23 HTTP/1.1" 200 2 "-" "PostmanRuntime/7.29.0"
::1 - - [08/May/2022:20:19:58 +0000] "PUT /gestionlocations/end_location/23 HTTP/1.1" 200 2 "-" "PostmanRuntime/7.29.0"
::1 - - [08/May/2022:20:21:43 +0000] "PUT /gestionlocations/end_location/23 HTTP/1.1" 200 2 "-" "PostmanRuntime/7.29.0"
::1 - - [08/May/2022:20:23:17 +0000] "PUT /gestionlocations/end_location/23 HTTP/1.1" 200 2 "-" "PostmanRuntime/7.29.0"
::1 - - [09/May/2022:20:40:27 +0000] "POST /paiement/verifier_paiement/ HTTP/1.1" 403 9 "-" "PostmanRuntime/7.29.0"
::1 - - [09/May/2022:20:44:05 +0000] "POST /paiement/verifier_paiement/ HTTP/1.1" 200 1307 "-" "PostmanRuntime/7.29.0"
::1 - - [09/May/2022:20:45:25 +0000] "POST /paiement/verifier_paiement/ HTTP/1.1" 200 1307 "-" "PostmanRuntime/7.29.0"
::1 - - [09/May/2022:21:04:56 +0000] "POST /paiement/verifier_paiement/ HTTP/1.1" 403 9 "-" "PostmanRuntime/7.29.0"
::1 - - [09/May/2022:21:06:20 +0000] "POST /paiement/verifier_paiement/ HTTP/1.1" 403 9 "-" "PostmanRuntime/7.29.0"
::1 - - [09/May/2022:21:07:52 +0000] "POST /paiement/verifier_paiement/ HTTP/1.1" 403 9 "-" "PostmanRuntime/7.29.0"
::1 - - [09/May/2022:21:08:07 +0000] "POST /paiement/verifier_paiement/ HTTP/1.1" 403 9 "-" "PostmanRuntime/7.29.0"
::1 - - [09/May/2022:21:09:56 +0000] "POST /paiement/verifier_paiement/ HTTP/1.1" 403 9 "-" "PostmanRuntime/7.29.0"
::1 - - [09/May/2022:21:14:25 +0000] "POST /paiement/verifier_paiement/ HTTP/1.1" 200 2 "-" "PostmanRuntime/7.29.0"
::1 - - [09/May/2022:21:14:36 +0000] "POST /paiement/verifier_paiement/ HTTP/1.1" 403 9 "-" "PostmanRuntime/7.29.0"
::1 - - [09/May/2022:21:15:37 +0000] "POST /paiement/verifier_paiement/ HTTP/1.1" 406 14 "-" "PostmanRuntime/7.29.0"
::1 - - [09/May/2022:21:21:56 +0000] "POST /paiement/verifier_paiement/ HTTP/1.1" 406 14 "-" "PostmanRuntime/7.29.0"
::1 - - [09/May/2022:21:22:14 +0000] "POST /paiement/verifier_paiement/ HTTP/1.1" 406 14 "-" "PostmanRuntime/7.29.0"
::1 - - [09/May/2022:21:23:17 +0000] "POST /paiement/verifier_paiement/ HTTP/1.1" 200 2 "-" "PostmanRuntime/7.29.0"
::1 - - [09/May/2022:21:23:58 +0000] "POST /paiement/verifier_paiement/ HTTP/1.1" 406 14 "-" "PostmanRuntime/7.29.0"
::1 - - [11/May/2022:19:54:01 +0000] "GET / HTTP/1.1" 200 18 "-" "Mozilla/5.0 (Windows NT 10.0; Win64; x64) AppleWebKit/537.36 (KHTML, like Gecko) Chrome/101.0.4951.54 Safari/537.36 Edg/101.0.1210.39"
::1 - - [11/May/2022:19:54:02 +0000] "GET /favicon.ico HTTP/1.1" 404 150 "http://localhost:3000/" "Mozilla/5.0 (Windows NT 10.0; Win64; x64) AppleWebKit/537.36 (KHTML, like Gecko) Chrome/101.0.4951.54 Safari/537.36 Edg/101.0.1210.39"
::1 - - [11/May/2022:19:54:14 +0000] "GET /get_locations_termines_by_locataire/f0CCX7X3vbcIE8YQfMIVDY48o6p1 HTTP/1.1" 404 203 "-" "PostmanRuntime/7.29.0"
::1 - - [11/May/2022:19:54:24 +0000] "GET /location/get_locations_termines_by_locataire/f0CCX7X3vbcIE8YQfMIVDY48o6p1 HTTP/1.1" 404 212 "-" "PostmanRuntime/7.29.0"
::1 - - [11/May/2022:19:54:52 +0000] "GET /gestionlocations/get_locations_termines_by_locataire/f0CCX7X3vbcIE8YQfMIVDY48o6p1 HTTP/1.1" 200 1623 "-" "PostmanRuntime/7.29.0"
::1 - - [11/May/2022:20:14:52 +0000] "GET /gestionlocations/get_locations_termines_by_locataire/f0CCX7X3vbcIE8YQfMIVDY48o6p1 HTTP/1.1" 200 1623 "-" "PostmanRuntime/7.29.0"
::1 - - [11/May/2022:20:25:23 +0000] "GET /gestionlocations/get_locations_termines_by_locataire/f0CCX7X3vbcIE8YQfMIVDY48o6p1 HTTP/1.1" 200 1579 "-" "PostmanRuntime/7.29.0"
::1 - - [12/May/2022:07:56:28 +0000] "POST / HTTP/1.1" 404 140 "-" "PostmanRuntime/7.29.0"
::1 - - [12/May/2022:07:56:32 +0000] "GET / HTTP/1.1" 200 18 "-" "PostmanRuntime/7.29.0"
::1 - - [12/May/2022:07:58:34 +0000] "POST /paiement/verifier_paiement/ HTTP/1.1" 500 21 "-" "PostmanRuntime/7.29.0"
::1 - - [12/May/2022:08:03:08 +0000] "POST /paiement/verifier_paiement/ HTTP/1.1" 200 2 "-" "PostmanRuntime/7.29.0"
::1 - - [12/May/2022:08:04:12 +0000] "POST /paiement/verifier_paiement/ HTTP/1.1" 200 2 "-" "PostmanRuntime/7.29.0"
::1 - - [12/May/2022:08:04:26 +0000] "POST /paiement/verifier_paiement/ HTTP/1.1" 406 14 "-" "PostmanRuntime/7.29.0"
::1 - - [12/May/2022:08:35:37 +0000] "GET /mailing/envoyer_facture/5 HTTP/1.1" 200 319 "-" "PostmanRuntime/7.29.0"
::1 - - [12/May/2022:08:37:23 +0000] "GET /mailing/envoyer_facture/5 HTTP/1.1" 200 319 "-" "PostmanRuntime/7.29.0"
::1 - - [12/May/2022:08:38:38 +0000] "GET /mailing/envoyer_facture/5 HTTP/1.1" 200 319 "-" "PostmanRuntime/7.29.0"
::1 - - [12/May/2022:08:39:31 +0000] "GET /mailing/envoyer_facture/5 HTTP/1.1" 200 319 "-" "PostmanRuntime/7.29.0"
::1 - - [12/May/2022:08:40:57 +0000] "GET /mailing/envoyer_facture/5 HTTP/1.1" 200 319 "-" "PostmanRuntime/7.29.0"
::1 - - [12/May/2022:08:42:43 +0000] "GET /mailing/envoyer_facture/5 HTTP/1.1" 200 319 "-" "PostmanRuntime/7.29.0"
::1 - - [12/May/2022:08:44:15 +0000] "GET /mailing/envoyer_facture/5 HTTP/1.1" 200 319 "-" "PostmanRuntime/7.29.0"
::1 - - [12/May/2022:08:45:33 +0000] "GET /mailing/envoyer_facture/5 HTTP/1.1" 200 319 "-" "PostmanRuntime/7.29.0"
::1 - - [12/May/2022:08:46:33 +0000] "GET /mailing/envoyer_facture/5 HTTP/1.1" 200 319 "-" "PostmanRuntime/7.29.0"
::1 - - [12/May/2022:10:19:43 +0000] "GET /mailing/envoyer_facture/5 HTTP/1.1" 200 319 "-" "PostmanRuntime/7.29.0"
::1 - - [12/May/2022:10:20:27 +0000] "GET /mailing/envoyer_facture/5 HTTP/1.1" 200 319 "-" "PostmanRuntime/7.29.0"
::1 - - [12/May/2022:10:48:06 +0000] "GET / HTTP/1.1" 304 - "-" "Mozilla/5.0 (Windows NT 10.0; Win64; x64) AppleWebKit/537.36 (KHTML, like Gecko) Chrome/101.0.4951.54 Safari/537.36 Edg/101.0.1210.39"
::1 - - [12/May/2022:10:48:07 +0000] "GET /favicon.ico HTTP/1.1" 404 150 "http://localhost:3000/" "Mozilla/5.0 (Windows NT 10.0; Win64; x64) AppleWebKit/537.36 (KHTML, like Gecko) Chrome/101.0.4951.54 Safari/537.36 Edg/101.0.1210.39"
::1 - - [12/May/2022:10:48:17 +0000] "GET /mailing/envoyer_facture/5 HTTP/1.1" 200 319 "-" "PostmanRuntime/7.29.0"
::1 - - [12/May/2022:11:08:33 +0000] "GET /paiement/verifier_paiement/ HTTP/1.1" 404 166 "-" "PostmanRuntime/7.29.0"
::1 - - [12/May/2022:11:08:45 +0000] "POST /paiement/verifier_paiement/ HTTP/1.1" 200 2 "-" "PostmanRuntime/7.29.0"
::1 - - [12/May/2022:11:09:48 +0000] "POST /paiement/verifier_paiement/ HTTP/1.1" 406 14 "-" "PostmanRuntime/7.29.0"
::1 - - [12/May/2022:11:10:14 +0000] "POST /paiement/verifier_paiement/ HTTP/1.1" 200 2 "-" "PostmanRuntime/7.29.0"
::1 - - [12/May/2022:11:11:58 +0000] "POST /paiement/verifier_paiement/ HTTP/1.1" 406 14 "-" "PostmanRuntime/7.29.0"
::1 - - [12/May/2022:11:12:06 +0000] "POST /paiement/verifier_paiement/ HTTP/1.1" 406 14 "-" "PostmanRuntime/7.29.0"
::1 - - [12/May/2022:11:12:47 +0000] "POST /paiement/verifier_paiement/ HTTP/1.1" 200 2 "-" "PostmanRuntime/7.29.0"
::1 - - [12/May/2022:11:27:11 +0000] "POST /mailing/envoyer_facture/5 HTTP/1.1" 404 165 "-" "PostmanRuntime/7.29.0"
::1 - - [12/May/2022:11:27:26 +0000] "GET /mailing/envoyer_facture/5 HTTP/1.1" 200 319 "-" "PostmanRuntime/7.29.0"
::1 - - [19/May/2022:10:40:44 +0000] "GET / HTTP/1.1" 200 18 "-" "Mozilla/5.0 (Windows NT 10.0; Win64; x64) AppleWebKit/537.36 (KHTML, like Gecko) Chrome/101.0.4951.64 Safari/537.36 Edg/101.0.1210.47"
::1 - - [19/May/2022:10:40:45 +0000] "GET /favicon.ico HTTP/1.1" 404 150 "http://localhost:3000/" "Mozilla/5.0 (Windows NT 10.0; Win64; x64) AppleWebKit/537.36 (KHTML, like Gecko) Chrome/101.0.4951.64 Safari/537.36 Edg/101.0.1210.47"
::1 - - [19/May/2022:10:41:07 +0000] "GET /gestionlocations/regions HTTP/1.1" 200 20 "-" "PostmanRuntime/7.29.0"
::1 - - [19/May/2022:10:42:11 +0000] "GET /statistiques/getFactures/ HTTP/1.1" 200 460 "-" "PostmanRuntime/7.29.0"
::1 - - [19/May/2022:11:13:28 +0000] "GET /gestionlocations/get_locataire_numero_chassis/5645112216 HTTP/1.1" 200 49 "-" "PostmanRuntime/7.29.0"
::1 - - [21/May/2022:13:07:19 +0000] "GET /gestionlocations/regions HTTP/1.1" 200 48 "-" "PostmanRuntime/7.29.0"
::1 - - [23/May/2022:20:07:52 +0000] "GET / HTTP/1.1" 200 18 "-" "Mozilla/5.0 (Windows NT 10.0; Win64; x64) AppleWebKit/537.36 (KHTML, like Gecko) Chrome/101.0.4951.64 Safari/537.36 Edg/101.0.1210.53"
::1 - - [23/May/2022:20:07:52 +0000] "GET /favicon.ico HTTP/1.1" 404 150 "http://localhost:3000/" "Mozilla/5.0 (Windows NT 10.0; Win64; x64) AppleWebKit/537.36 (KHTML, like Gecko) Chrome/101.0.4951.64 Safari/537.36 Edg/101.0.1210.53"
::1 - - [23/May/2022:20:08:08 +0000] "GET /gestionlocations/get_locations_by_locataire/f0CCX7X3vbcIE8YQfMIVDY48o6p1 HTTP/1.1" 200 7895 "-" "PostmanRuntime/7.29.0"
::1 - - [24/May/2022:21:35:44 +0000] "POST /gestionlocations/ajouter_location/ HTTP/1.1" 200 2 "-" "PostmanRuntime/7.29.0"
::1 - - [24/May/2022:21:39:54 +0000] "POST /gestionlocations/end_location/75 HTTP/1.1" 404 172 "-" "PostmanRuntime/7.29.0"
::1 - - [24/May/2022:21:40:26 +0000] "PUT /gestionlocations/end_location/75 HTTP/1.1" 500 21 "-" "PostmanRuntime/7.29.0"
::1 - - [24/May/2022:21:41:05 +0000] "PUT /gestionlocations/end_location/75 HTTP/1.1" 500 21 "-" "PostmanRuntime/7.29.0"
::1 - - [24/May/2022:21:41:21 +0000] "PUT /gestionlocations/end_location/75 HTTP/1.1" 200 2 "-" "PostmanRuntime/7.29.0"
::1 - - [24/May/2022:21:43:08 +0000] "PUT /gestionlocations/end_location/75 HTTP/1.1" 200 2 "-" "PostmanRuntime/7.29.0"
::1 - - [24/May/2022:21:45:36 +0000] "PUT /gestionlocations/end_location/75 HTTP/1.1" 500 21 "-" "PostmanRuntime/7.29.0"
::1 - - [25/May/2022:07:59:30 +0000] "POST /flotte/ajouter_vehicule/ HTTP/1.1" 403 9 "-" "PostmanRuntime/7.29.0"
::1 - - [25/May/2022:08:01:23 +0000] "POST /flotte/ajouter_vehicule/ HTTP/1.1" 200 2 "-" "PostmanRuntime/7.29.0"
::1 - - [25/May/2022:08:02:44 +0000] "DELETE /flotte/supprimer_vehicule/054125131 HTTP/1.1" 200 2 "-" "PostmanRuntime/7.29.0"
::1 - - [25/May/2022:08:03:51 +0000] "DELETE /flotte/supprimer_vehicule/0541251311 HTTP/1.1" 200 2 "-" "PostmanRuntime/7.29.0"
::1 - - [25/May/2022:08:16:29 +0000] "POST /gestionlocations/ajouter_location/ HTTP/1.1" 200 17 "-" "PostmanRuntime/7.29.0"
::1 - - [25/May/2022:08:19:26 +0000] "PUT /gestionlocations/end_location/95 HTTP/1.1" 403 2 "-" "PostmanRuntime/7.29.0"
::1 - - [25/May/2022:08:25:41 +0000] "PUT /gestionlocations/end_location/95 HTTP/1.1" 403 2 "-" "PostmanRuntime/7.29.0"
::1 - - [25/May/2022:08:27:56 +0000] "PUT /gestionlocations/end_location/95 HTTP/1.1" 403 9 "-" "PostmanRuntime/7.29.0"
::1 - - [25/May/2022:08:29:42 +0000] "PUT /gestionlocations/end_location/95 HTTP/1.1" 403 9 "-" "PostmanRuntime/7.29.0"
::1 - - [25/May/2022:08:30:17 +0000] "PUT /gestionlocations/end_location/95 HTTP/1.1" 200 2 "-" "PostmanRuntime/7.29.0"
::1 - - [25/May/2022:08:35:24 +0000] "PUT /gestionlocations/end_location/95 HTTP/1.1" 200 2 "-" "PostmanRuntime/7.29.0"
::1 - - [25/May/2022:08:39:26 +0000] "PUT /gestionlocations/end_location/95 HTTP/1.1" 200 2 "-" "PostmanRuntime/7.29.0"
::1 - - [25/May/2022:08:40:17 +0000] "PUT /gestionlocations/end_location/95 HTTP/1.1" 200 2 "-" "PostmanRuntime/7.29.0"
::1 - - [25/May/2022:08:42:13 +0000] "PUT /gestionlocations/end_location/95 HTTP/1.1" 200 2 "-" "PostmanRuntime/7.29.0"
::1 - - [25/May/2022:13:54:25 +0000] "PUT /paiement/verifier_paiement/ HTTP/1.1" 404 166 "-" "PostmanRuntime/7.29.0"
::1 - - [25/May/2022:13:54:30 +0000] "GET /paiement/verifier_paiement/ HTTP/1.1" 404 166 "-" "PostmanRuntime/7.29.0"
::1 - - [25/May/2022:13:54:34 +0000] "POST /paiement/verifier_paiement/ HTTP/1.1" 200 726 "-" "PostmanRuntime/7.29.0"
::1 - - [25/May/2022:13:57:04 +0000] "POST /paiement/verifier_paiement/ HTTP/1.1" 200 723 "-" "PostmanRuntime/7.29.0"
::1 - - [25/May/2022:17:53:40 +0000] "POST /paiement/verifier_paiement/ HTTP/1.1" 200 290 "-" "PostmanRuntime/7.29.0"
::1 - - [25/May/2022:17:56:15 +0000] "POST /paiement/verifier_paiement/ HTTP/1.1" 200 295 "-" "PostmanRuntime/7.29.0"
::1 - - [25/May/2022:19:27:17 +0000] "POST /paiement/verifier_paiement/ HTTP/1.1" 403 9 "-" "PostmanRuntime/7.29.0"
::1 - - [25/May/2022:19:39:30 +0000] "POST /paiement/verifier_paiement/ HTTP/1.1" 200 468 "-" "PostmanRuntime/7.29.0"
::1 - - [25/May/2022:19:40:52 +0000] "POST /paiement/verifier_paiement/ HTTP/1.1" 200 468 "-" "PostmanRuntime/7.29.0"
::1 - - [25/May/2022:19:55:46 +0000] "POST /paiement/verifier_paiement/ HTTP/1.1" 403 9 "-" "PostmanRuntime/7.29.0"
::1 - - [25/May/2022:19:56:03 +0000] "POST /paiement/verifier_paiement/ HTTP/1.1" 403 9 "-" "PostmanRuntime/7.29.0"
::1 - - [25/May/2022:19:56:39 +0000] "POST /paiement/verifier_paiement/ HTTP/1.1" 200 614 "-" "PostmanRuntime/7.29.0"
::1 - - [25/May/2022:19:56:46 +0000] "POST /paiement/verifier_paiement/ HTTP/1.1" 200 614 "-" "PostmanRuntime/7.29.0"
::1 - - [25/May/2022:19:56:51 +0000] "POST /paiement/verifier_paiement/ HTTP/1.1" 200 614 "-" "PostmanRuntime/7.29.0"
::1 - - [25/May/2022:19:56:52 +0000] "POST /paiement/verifier_paiement/ HTTP/1.1" 200 614 "-" "PostmanRuntime/7.29.0"
::1 - - [25/May/2022:19:56:57 +0000] "POST /paiement/verifier_paiement/ HTTP/1.1" 200 614 "-" "PostmanRuntime/7.29.0"
::1 - - [25/May/2022:19:57:00 +0000] "POST /paiement/verifier_paiement/ HTTP/1.1" 200 614 "-" "PostmanRuntime/7.29.0"
::1 - - [25/May/2022:19:57:38 +0000] "POST /paiement/verifier_paiement/ HTTP/1.1" 403 9 "-" "PostmanRuntime/7.29.0"
::1 - - [25/May/2022:20:13:10 +0000] "POST /paiement/verifier_paiement/ HTTP/1.1" 403 9 "-" "PostmanRuntime/7.29.0"
::1 - - [25/May/2022:20:13:30 +0000] "POST /paiement/verifier_paiement/ HTTP/1.1" 403 9 "-" "PostmanRuntime/7.29.0"
::1 - - [25/May/2022:20:13:54 +0000] "POST /paiement/verifier_paiement/ HTTP/1.1" 403 9 "-" "PostmanRuntime/7.29.0"
::1 - - [25/May/2022:20:15:23 +0000] "POST /paiement/verifier_paiement/ HTTP/1.1" 403 9 "-" "PostmanRuntime/7.29.0"
::1 - - [25/May/2022:20:15:50 +0000] "POST /paiement/verifier_paiement/ HTTP/1.1" 403 9 "-" "PostmanRuntime/7.29.0"
::1 - - [25/May/2022:20:16:57 +0000] "POST /paiement/verifier_paiement/ HTTP/1.1" - - "-" "PostmanRuntime/7.29.0"
::1 - - [25/May/2022:20:17:33 +0000] "POST /paiement/verifier_paiement/ HTTP/1.1" - - "-" "PostmanRuntime/7.29.0"
::1 - - [25/May/2022:20:24:55 +0000] "POST /paiement/verifier_paiement/ HTTP/1.1" - - "-" "PostmanRuntime/7.29.0"
::1 - - [25/May/2022:20:40:33 +0000] "POST /paiement/verifier_paiement/ HTTP/1.1" 500 21 "-" "PostmanRuntime/7.29.0"
::1 - - [25/May/2022:20:44:31 +0000] "POST /paiement/verifier_paiement/ HTTP/1.1" 500 21 "-" "PostmanRuntime/7.29.0"
::1 - - [25/May/2022:20:44:50 +0000] "POST /paiement/verifier_paiement/ HTTP/1.1" 500 21 "-" "PostmanRuntime/7.29.0"
::1 - - [25/May/2022:20:47:11 +0000] "POST /paiement/verifier_paiement/ HTTP/1.1" - - "-" "PostmanRuntime/7.29.0"
::1 - - [25/May/2022:20:56:54 +0000] "POST /paiement/verifier_paiement/ HTTP/1.1" 403 9 "-" "PostmanRuntime/7.29.0"
::1 - - [25/May/2022:21:01:35 +0000] "POST /paiement/verifier_paiement/ HTTP/1.1" 403 9 "-" "PostmanRuntime/7.29.0"
::1 - - [25/May/2022:21:02:18 +0000] "POST /paiement/verifier_paiement/ HTTP/1.1" 403 9 "-" "PostmanRuntime/7.29.0"
::1 - - [25/May/2022:21:06:25 +0000] "POST /paiement/verifier_paiement/ HTTP/1.1" 403 9 "-" "PostmanRuntime/7.29.0"
::1 - - [25/May/2022:21:06:43 +0000] "POST /paiement/verifier_paiement/ HTTP/1.1" 403 9 "-" "PostmanRuntime/7.29.0"
::1 - - [25/May/2022:21:19:57 +0000] "POST /paiement/verifier_paiement/ HTTP/1.1" 403 9 "-" "PostmanRuntime/7.29.0"
::1 - - [25/May/2022:21:20:03 +0000] "POST /paiement/verifier_paiement/ HTTP/1.1" 403 9 "-" "PostmanRuntime/7.29.0"
::1 - - [25/May/2022:21:20:52 +0000] "POST /paiement/verifier_paiement/ HTTP/1.1" 403 9 "-" "PostmanRuntime/7.29.0"
::1 - - [25/May/2022:21:21:40 +0000] "POST /paiement/verifier_paiement/ HTTP/1.1" - - "-" "PostmanRuntime/7.29.0"
::1 - - [25/May/2022:21:23:13 +0000] "POST /paiement/verifier_paiement/ HTTP/1.1" - - "-" "PostmanRuntime/7.29.0"
::1 - - [25/May/2022:21:26:57 +0000] "POST /paiement/verifier_paiement/ HTTP/1.1" 406 14 "-" "PostmanRuntime/7.29.0"
::1 - - [25/May/2022:21:28:46 +0000] "POST /paiement/verifier_paiement/ HTTP/1.1" 406 14 "-" "PostmanRuntime/7.29.0"
::1 - - [25/May/2022:21:31:35 +0000] "POST /paiement/verifier_paiement/ HTTP/1.1" 500 21 "-" "PostmanRuntime/7.29.0"
::1 - - [25/May/2022:21:32:08 +0000] "POST /paiement/verifier_paiement/ HTTP/1.1" 200 292 "-" "PostmanRuntime/7.29.0"
::1 - - [25/May/2022:21:33:47 +0000] "POST /paiement/verifier_paiement/ HTTP/1.1" 200 294 "-" "PostmanRuntime/7.29.0"
::1 - - [25/May/2022:21:36:13 +0000] "POST /paiement/verifier_paiement/ HTTP/1.1" 200 290 "-" "PostmanRuntime/7.29.0"
::1 - - [25/May/2022:21:36:41 +0000] "POST /paiement/verifier_paiement/ HTTP/1.1" 200 287 "-" "PostmanRuntime/7.29.0"
::1 - - [25/May/2022:21:59:17 +0000] "POST /paiement/verifier_paiement/ HTTP/1.1" 406 14 "-" "PostmanRuntime/7.29.0"
::1 - - [25/May/2022:22:02:15 +0000] "POST /paiement/verifier_paiement/ HTTP/1.1" 500 21 "-" "PostmanRuntime/7.29.0"
::1 - - [25/May/2022:22:04:00 +0000] "POST /paiement/verifier_paiement/ HTTP/1.1" 500 21 "-" "PostmanRuntime/7.29.0"
::1 - - [25/May/2022:22:04:54 +0000] "POST /paiement/verifier_paiement/ HTTP/1.1" 200 292 "-" "PostmanRuntime/7.29.0"
::1 - - [25/May/2022:22:08:59 +0000] "POST /paiement/verifier_paiement/ HTTP/1.1" 200 290 "-" "PostmanRuntime/7.29.0"
::1 - - [25/May/2022:22:12:35 +0000] "POST /paiement/verifier_paiement/ HTTP/1.1" 200 287 "-" "PostmanRuntime/7.29.0"
::1 - - [25/May/2022:22:29:00 +0000] "POST /paiement/verifier_paiement/ HTTP/1.1" 403 9 "-" "PostmanRuntime/7.29.0"
::1 - - [25/May/2022:22:29:49 +0000] "POST /paiement/verifier_paiement/ HTTP/1.1" 200 294 "-" "PostmanRuntime/7.29.0"
::1 - - [25/May/2022:22:33:32 +0000] "POST /paiement/verifier_paiement/ HTTP/1.1" 500 21 "-" "PostmanRuntime/7.29.0"
::1 - - [25/May/2022:22:35:20 +0000] "POST /paiement/verifier_paiement/ HTTP/1.1" 500 21 "-" "PostmanRuntime/7.29.0"
::1 - - [25/May/2022:22:37:14 +0000] "POST /paiement/verifier_paiement/ HTTP/1.1" 500 21 "-" "PostmanRuntime/7.29.0"
::1 - - [25/May/2022:22:37:46 +0000] "POST /paiement/verifier_paiement/ HTTP/1.1" 500 21 "-" "PostmanRuntime/7.29.0"
::1 - - [25/May/2022:22:39:22 +0000] "POST /paiement/verifier_paiement/ HTTP/1.1" 403 9 "-" "PostmanRuntime/7.29.0"
::1 - - [25/May/2022:22:40:03 +0000] "POST /paiement/verifier_paiement/ HTTP/1.1" 200 290 "-" "PostmanRuntime/7.29.0"
::1 - - [25/May/2022:22:45:09 +0000] "POST /paiement/verifier_paiement/ HTTP/1.1" 200 2 "-" "PostmanRuntime/7.29.0"
::1 - - [25/May/2022:22:46:19 +0000] "POST /paiement/verifier_paiement/ HTTP/1.1" 200 2 "-" "PostmanRuntime/7.29.0"
::1 - - [25/May/2022:22:47:14 +0000] "POST /paiement/verifier_paiement/ HTTP/1.1" 200 2 "-" "PostmanRuntime/7.29.0"
::1 - - [25/May/2022:22:48:59 +0000] "POST /paiement/verifier_paiement/ HTTP/1.1" 200 2 "-" "PostmanRuntime/7.29.0"
::1 - - [25/May/2022:23:13:28 +0000] "POST /paiement/verifier_paiement/ HTTP/1.1" 500 21 "-" "PostmanRuntime/7.29.0"
::1 - - [26/May/2022:08:26:50 +0000] "POST /paiement/verifier_paiement/ HTTP/1.1" 200 2 "-" "PostmanRuntime/7.29.0"
::1 - - [26/May/2022:09:14:27 +0000] "POST /paiement/verifier_paiement/ HTTP/1.1" 200 17 "-" "PostmanRuntime/7.29.0"
::1 - - [26/May/2022:10:00:25 +0000] "POST /gestionlocations/ajouter_location/ HTTP/1.1" 200 18 "-" "PostmanRuntime/7.29.0"
::1 - - [26/May/2022:10:01:53 +0000] "PUT /gestionlocations/update_location_heure_debut/124 HTTP/1.1" 200 2 "-" "PostmanRuntime/7.29.0"
::1 - - [26/May/2022:10:03:26 +0000] "POST /paiement/verifier_paiement/ HTTP/1.1" 200 17 "-" "PostmanRuntime/7.29.0"
::1 - - [26/May/2022:10:05:40 +0000] "PUT /gestionlocations/end_location/124 HTTP/1.1" 200 2 "-" "PostmanRuntime/7.29.0"
::1 - - [26/May/2022:10:14:25 +0000] "POST /gestionlocations/ajouter_location/ HTTP/1.1" 200 18 "-" "PostmanRuntime/7.29.0"
::1 - - [26/May/2022:10:16:04 +0000] "PUT /gestionlocations/update_location_heure_debut/127 HTTP/1.1" 200 2 "-" "PostmanRuntime/7.29.0"
::1 - - [26/May/2022:10:20:32 +0000] "POST /paiement/verifier_paiement/ HTTP/1.1" 500 21 "-" "PostmanRuntime/7.29.0"
::1 - - [26/May/2022:10:21:19 +0000] "POST /paiement/verifier_paiement/ HTTP/1.1" 200 17 "-" "PostmanRuntime/7.29.0"
::1 - - [26/May/2022:10:24:56 +0000] "PUT /gestionlocations/end_location/127 HTTP/1.1" 200 2 "-" "PostmanRuntime/7.29.0"
::1 - - [01/Jun/2022:08:42:50 +0000] "GET /gestionlocations/demande_support/demande_support HTTP/1.1" 404 187 "-" "PostmanRuntime/7.29.0"
::1 - - [01/Jun/2022:08:43:06 +0000] "GET /demande_support/demande_support HTTP/1.1" 200 849 "-" "PostmanRuntime/7.29.0"
::1 - - [01/Jun/2022:08:43:39 +0000] "GET /demande_support/demande_support/2 HTTP/1.1" 200 427 "-" "PostmanRuntime/7.29.0"
::1 - - [01/Jun/2022:08:43:45 +0000] "GET /demande_support/demande_support/1 HTTP/1.1" 200 423 "-" "PostmanRuntime/7.29.0"
::1 - - [01/Jun/2022:08:44:28 +0000] "GET /demande_support/demande_support_louer/26 HTTP/1.1" 200 849 "-" "PostmanRuntime/7.29.0"
::1 - - [01/Jun/2022:08:48:07 +0000] "GET /demande_support/ajouter_demande_support/ HTTP/1.1" 404 179 "-" "PostmanRuntime/7.29.0"
::1 - - [01/Jun/2022:08:48:12 +0000] "POST /demande_support/ajouter_demande_support/ HTTP/1.1" 200 2 "-" "PostmanRuntime/7.29.0"
::1 - - [01/Jun/2022:08:57:50 +0000] "POST /demande_support/repondre_demande_support/ij_terras@esi.dz/demande/10 HTTP/1.1" 404 208 "-" "PostmanRuntime/7.29.0"
::1 - - [01/Jun/2022:08:58:03 +0000] "PUT /demande_support/repondre_demande_support/ij_terras@esi.dz/demande/10 HTTP/1.1" 403 9 "-" "PostmanRuntime/7.29.0"
::1 - - [01/Jun/2022:08:58:55 +0000] "PUT /demande_support/repondre_demande_support/ij_terras@esi.dz/demande/10 HTTP/1.1" 200 2 "-" "PostmanRuntime/7.29.0"
::1 - - [01/Jun/2022:09:39:08 +0000] "PUT /tache/ajouter_tache/ HTTP/1.1" 404 159 "-" "PostmanRuntime/7.29.0"
::1 - - [01/Jun/2022:09:39:14 +0000] "POST /tache/ajouter_tache/ HTTP/1.1" 200 2 "-" "PostmanRuntime/7.29.0"
::1 - - [01/Jun/2022:09:39:44 +0000] "POST /tache/get_taches/ HTTP/1.1" 404 157 "-" "PostmanRuntime/7.29.0"
::1 - - [01/Jun/2022:09:39:49 +0000] "GET /tache/get_taches/ HTTP/1.1" 200 1816 "-" "PostmanRuntime/7.29.0"
::1 - - [01/Jun/2022:09:40:40 +0000] "GET /tache/get_tache_byidam/CRivUqM8fZZ9I6Iwv34qwlAdXOe2 HTTP/1.1" 200 284 "-" "PostmanRuntime/7.29.0"
::1 - - [01/Jun/2022:09:40:54 +0000] "GET /tache/get_tache_byidam/9pDUGJmecohDBDBaVkixyxMPcaH3 HTTP/1.1" 200 1533 "-" "PostmanRuntime/7.29.0"
::1 - - [01/Jun/2022:09:42:57 +0000] "PUT /tache/modifier_etatavancement_tache/64 HTTP/1.1" 200 2 "-" "PostmanRuntime/7.29.0"
::1 - - [01/Jun/2022:09:47:27 +0000] "PUT /tache/tache/modifier_etat_tache/64 HTTP/1.1" 404 173 "-" "PostmanRuntime/7.29.0"
::1 - - [01/Jun/2022:09:47:43 +0000] "PUT /tache/modifier_etat_tache/64 HTTP/1.1" 200 2 "-" "PostmanRuntime/7.29.0"
::1 - - [01/Jun/2022:09:48:35 +0000] "GET /gestionpannes/get_pannes/ HTTP/1.1" 200 301 "-" "PostmanRuntime/7.29.0"
::1 - - [01/Jun/2022:09:49:18 +0000] "GET /gestionpannes/panne/75 HTTP/1.1" 200 61 "-" "PostmanRuntime/7.29.0"
::1 - - [01/Jun/2022:09:52:37 +0000] "GET /gestionpannes/ajouter_panne/ HTTP/1.1" 404 167 "-" "PostmanRuntime/7.29.0"
::1 - - [01/Jun/2022:09:54:58 +0000] "POST /gestionpannes/ajouter_panne/ HTTP/1.1" - - "-" "PostmanRuntime/7.29.0"
::1 - - [01/Jun/2022:09:58:31 +0000] "POST /gestionpannes/ajouter_panne/ HTTP/1.1" 200 2 "-" "PostmanRuntime/7.29.0"
::1 - - [01/Jun/2022:09:58:51 +0000] "POST /gestionpannes/ajouter_panne/ HTTP/1.1" 200 2 "-" "PostmanRuntime/7.29.0"
::1 - - [02/Jun/2022:08:44:05 +0000] "GET /gestionprofils/am/ HTTP/1.1" 200 4194 "-" "PostmanRuntime/7.29.0"
::1 - - [02/Jun/2022:08:45:52 +0000] "GET /gestionprofils/am/9pDUGJmecohDBDBaVkixyxMPcaH3 HTTP/1.1" 500 21 "-" "PostmanRuntime/7.29.0"
::1 - - [02/Jun/2022:08:45:59 +0000] "GET /gestionprofils/am/9pDUGJmecohDBDBaVkixyxMPcaH3 HTTP/1.1" 200 2672 "-" "PostmanRuntime/7.29.0"
::1 - - [02/Jun/2022:09:05:48 +0000] "PUT /authentification_web/valider_demande/testhiba@gmail.com/demande/103 HTTP/1.1" 200 2 "-" "PostmanRuntime/7.29.0"
::1 - - [02/Jun/2022:09:07:20 +0000] "PUT /authentification_web/valider_demande/testhiba@esi.dz/demande/103 HTTP/1.1" 200 2 "-" "PostmanRuntime/7.29.0"
::1 - - [02/Jun/2022:09:09:44 +0000] "PUT /authentification_web/valider_demande/testhiba@esi.dz/demande/103 HTTP/1.1" 200 2 "-" "PostmanRuntime/7.29.0"
::1 - - [02/Jun/2022:09:23:47 +0000] "PUT /authentification_web/valider_demande/testhiba@esi.dz/demande/103 HTTP/1.1" 200 2 "-" "PostmanRuntime/7.29.0"
::1 - - [02/Jun/2022:09:25:01 +0000] "PUT /authentification_web/valider_demande/testhiba@esi.dz/demande/103 HTTP/1.1" 200 2 "-" "PostmanRuntime/7.29.0"
::1 - - [02/Jun/2022:09:25:37 +0000] "PUT /authentification_web/valider_demande/testhiba@esi.dz/demande/103 HTTP/1.1" 200 2 "-" "PostmanRuntime/7.29.0"
::1 - - [02/Jun/2022:09:25:51 +0000] "PUT /authentification_web/valider_demande/testhiba@esi.dz/demande/103 HTTP/1.1" 200 2 "-" "PostmanRuntime/7.29.0"
::1 - - [02/Jun/2022:09:27:39 +0000] "PUT /authentification_web/valider_demande/testhiba@esi.dz/demande/103 HTTP/1.1" 200 2 "-" "PostmanRuntime/7.29.0"
::1 - - [02/Jun/2022:09:32:22 +0000] "PUT /gestionprofils/am/9pDUGJmecohDBDBaVkixyxMPcaH3 HTTP/1.1" 404 185 "-" "PostmanRuntime/7.29.0"
::1 - - [02/Jun/2022:09:32:27 +0000] "GET /gestionprofils/am/9pDUGJmecohDBDBaVkixyxMPcaH3 HTTP/1.1" 200 2672 "-" "PostmanRuntime/7.29.0"
::1 - - [02/Jun/2022:09:34:05 +0000] "GET /gestionprofils/am/9pDUGJmecohDBDBaVkixyxMPcaH3 HTTP/1.1" 200 283 "-" "PostmanRuntime/7.29.0"
::1 - - [02/Jun/2022:09:34:12 +0000] "GET /gestionprofils/am/ HTTP/1.1" 200 593 "-" "PostmanRuntime/7.29.0"
::1 - - [02/Jun/2022:09:34:24 +0000] "GET /authentification_web/valider_demande/testhiba@esi.dz/demande/103 HTTP/1.1" 404 203 "-" "PostmanRuntime/7.29.0"
::1 - - [02/Jun/2022:09:34:29 +0000] "PUT /authentification_web/valider_demande/testhiba@esi.dz/demande/103 HTTP/1.1" 200 2 "-" "PostmanRuntime/7.29.0"
::1 - - [02/Jun/2022:09:35:31 +0000] "PUT /authentification_web/valider_demande/testhiba@esi.dz/demande/103 HTTP/1.1" 200 2 "-" "PostmanRuntime/7.29.0"
::1 - - [02/Jun/2022:09:37:43 +0000] "PUT /authentification_web/valider_demande/testhiba@esi.dz/demande/103 HTTP/1.1" 200 2 "-" "PostmanRuntime/7.29.0"
::1 - - [02/Jun/2022:09:38:57 +0000] "PUT /authentification_web/valider_demande/testhiba@esi.dz/demande/103 HTTP/1.1" 200 2 "-" "PostmanRuntime/7.29.0"
::1 - - [02/Jun/2022:09:39:44 +0000] "PUT /authentification_web/valider_demande/testhiba@esi.dz/demande/103 HTTP/1.1" 200 2 "-" "PostmanRuntime/7.29.0"
::1 - - [02/Jun/2022:09:50:21 +0000] "PUT /authentification_web/valider_demande/testhiba@esi.dz/demande/103 HTTP/1.1" 200 2 "-" "PostmanRuntime/7.29.0"
::1 - - [02/Jun/2022:09:54:25 +0000] "PUT /authentification_web/valider_demande/testhiba@esi.dz/demande/103 HTTP/1.1" 200 2 "-" "PostmanRuntime/7.29.0"
::1 - - [02/Jun/2022:09:55:47 +0000] "PUT /authentification_web/valider_demande/testhiba@esi.dz/demande/103 HTTP/1.1" 200 2 "-" "PostmanRuntime/7.29.0"
::1 - - [02/Jun/2022:09:56:03 +0000] "PUT /authentification_web/valider_demande/testhiba@esi.dz/demande/103 HTTP/1.1" 200 2 "-" "PostmanRuntime/7.29.0"
::1 - - [02/Jun/2022:10:13:36 +0000] "PUT /authentification_web/valider_demande/jubajuju@gmail.com/demande/105 HTTP/1.1" 200 2 "-" "PostmanRuntime/7.29.0"
::1 - - [02/Jun/2022:10:13:48 +0000] "PUT /authentification_web/valider_demande/jubajuju@gmail.com/demande/105 HTTP/1.1" 200 2 "-" "PostmanRuntime/7.29.0"
::1 - - [02/Jun/2022:10:14:40 +0000] "PUT /authentification_web/refuser_demande/jubajuju@gmail.com/demande/105 HTTP/1.1" 200 2 "-" "PostmanRuntime/7.29.0"
::1 - - [03/Jun/2022:14:13:16 +0000] "PUT /authentification_web/refuser_demande/jubajuju@gmail.com/demande/105 HTTP/1.1" 200 2 "-" "PostmanRuntime/7.29.0"
::1 - - [03/Jun/2022:14:13:46 +0000] "PUT /authentification_web/refuser_demande/jubajuju@gmail.com/demande/105 HTTP/1.1" 200 2 "-" "PostmanRuntime/7.29.0"
::1 - - [03/Jun/2022:14:14:08 +0000] "PUT /authentification_web/refuser_demande/jubajuju@gmail.com/demande/105 HTTP/1.1" 200 2 "-" "PostmanRuntime/7.29.0"
::1 - - [03/Jun/2022:14:14:21 +0000] "PUT /authentification_web/refuser_demande/jubajuju@gmail.com/demande/105 HTTP/1.1" 200 2 "-" "PostmanRuntime/7.29.0"
::1 - - [03/Jun/2022:14:19:50 +0000] "PUT /authentification_web/refuser_demande/jubajuju@gmail.com/demande/105 HTTP/1.1" 200 2 "-" "PostmanRuntime/7.29.0"
::1 - - [03/Jun/2022:14:20:24 +0000] "PUT /authentification_web/refuser_demande/jubajuju@gmail.com/demande/105 HTTP/1.1" 200 2 "-" "PostmanRuntime/7.29.0"
::1 - - [03/Jun/2022:14:20:50 +0000] "POST /demande_support/ajouter_demande_support/ HTTP/1.1" 200 2 "-" "PostmanRuntime/7.29.0"
::1 - - [03/Jun/2022:14:22:45 +0000] "PUT /demande_support/repondre_demande_support/jubajuju@gmail.com/demande/11 HTTP/1.1" 200 2 "-" "PostmanRuntime/7.29.0"
::1 - - [03/Jun/2022:14:23:11 +0000] "PUT /demande_support/repondre_demande_support/jubajuju@gmail.com/demande/11 HTTP/1.1" 200 2 "-" "PostmanRuntime/7.29.0"
::1 - - [03/Jun/2022:14:52:28 +0000] "POST /demande_support/repondre_demande_support/jubajuju@gmail.com/demande/11 HTTP/1.1" 404 210 "-" "PostmanRuntime/7.29.0"
::1 - - [03/Jun/2022:15:00:27 +0000] "PUT /demande_support/repondre_demande_support/jubajuju@gmail.com/demande/11 HTTP/1.1" 200 2 "-" "PostmanRuntime/7.29.0"
::1 - - [03/Jun/2022:15:00:45 +0000] "PUT /demande_support/repondre_demande_support/jubajuju@gmail.com/demande/11 HTTP/1.1" 200 2 "-" "PostmanRuntime/7.29.0"
::1 - - [03/Jun/2022:15:03:23 +0000] "PUT /demande_support/repondre_demande_support/jubajuju@gmail.com/demande/11 HTTP/1.1" 200 2 "-" "PostmanRuntime/7.29.0"
::1 - - [03/Jun/2022:15:04:00 +0000] "PUT /demande_support/repondre_demande_support/jubajuju@gmail.com/demande/11 HTTP/1.1" 200 2 "-" "PostmanRuntime/7.29.0"
::1 - - [03/Jun/2022:15:04:36 +0000] "PUT /demande_support/repondre_demande_support/jubajuju@gmail.com/demande/11 HTTP/1.1" 200 2 "-" "PostmanRuntime/7.29.0"
::1 - - [03/Jun/2022:15:11:51 +0000] "PUT /demande_support/repondre_demande_support/jubajuju@gmail.com/demande/11 HTTP/1.1" 200 2 "-" "PostmanRuntime/7.29.0"
::1 - - [03/Jun/2022:16:04:09 +0000] "POST /gestionpannes/ajouter_panne/ HTTP/1.1" 403 9 "-" "PostmanRuntime/7.29.0"
::1 - - [03/Jun/2022:16:05:01 +0000] "POST /gestionpannes/ajouter_panne/ HTTP/1.1" 403 9 "-" "PostmanRuntime/7.29.0"
::1 - - [03/Jun/2022:16:05:48 +0000] "POST /gestionpannes/ajouter_panne/ HTTP/1.1" 403 9 "-" "PostmanRuntime/7.29.0"
::1 - - [03/Jun/2022:16:07:30 +0000] "POST /gestionpannes/ajouter_panne/ HTTP/1.1" 403 9 "-" "PostmanRuntime/7.29.0"
::1 - - [03/Jun/2022:16:08:25 +0000] "POST /gestionpannes/ajouter_panne/ HTTP/1.1" 403 9 "-" "PostmanRuntime/7.29.0"
::1 - - [03/Jun/2022:16:11:19 +0000] "POST /gestionpannes/ajouter_panne/ HTTP/1.1" 403 9 "-" "PostmanRuntime/7.29.0"
::1 - - [03/Jun/2022:16:12:16 +0000] "POST /gestionpannes/ajouter_panne/ HTTP/1.1" 200 2 "-" "PostmanRuntime/7.29.0"
::1 - - [03/Jun/2022:16:12:41 +0000] "POST /gestionpannes/ajouter_panne/ HTTP/1.1" 403 9 "-" "PostmanRuntime/7.29.0"
::1 - - [03/Jun/2022:16:15:00 +0000] "POST /gestionpannes/ajouter_panne/ HTTP/1.1" 403 9 "-" "PostmanRuntime/7.29.0"
::1 - - [03/Jun/2022:16:19:50 +0000] "POST /gestionpannes/ajouter_panne/ HTTP/1.1" 200 2 "-" "PostmanRuntime/7.29.0"
::1 - - [03/Jun/2022:16:21:12 +0000] "POST /gestionpannes/ajouter_panne/ HTTP/1.1" 200 2 "-" "PostmanRuntime/7.29.0"
::1 - - [03/Jun/2022:16:23:43 +0000] "POST /tache/ajouter_tache/ HTTP/1.1" 403 9 "-" "PostmanRuntime/7.29.0"
::1 - - [03/Jun/2022:16:24:08 +0000] "POST /tache/ajouter_tache/ HTTP/1.1" 200 2 "-" "PostmanRuntime/7.29.0"
::1 - - [25/Jun/2022:18:15:05 +0000] "GET /paiement/verifier_paiement/ HTTP/1.1" 404 166 "-" "PostmanRuntime/7.29.0"
::1 - - [25/Jun/2022:18:16:27 +0000] "POST /paiement/verifier_paiement/ HTTP/1.1" 406 14 "-" "PostmanRuntime/7.29.0"
::1 - - [25/Jun/2022:18:21:21 +0000] "POST /paiement/verifier_paiement/ HTTP/1.1" 406 14 "-" "PostmanRuntime/7.29.0"
::1 - - [26/Jun/2022:09:54:25 +0000] "GET / HTTP/1.1" 200 18 "-" "Mozilla/5.0 (Windows NT 10.0; Win64; x64) AppleWebKit/537.36 (KHTML, like Gecko) Chrome/103.0.5060.53 Safari/537.36 Edg/103.0.1264.37"
::1 - - [26/Jun/2022:09:54:26 +0000] "GET /favicon.ico HTTP/1.1" 404 150 "http://localhost:3000/" "Mozilla/5.0 (Windows NT 10.0; Win64; x64) AppleWebKit/537.36 (KHTML, like Gecko) Chrome/103.0.5060.53 Safari/537.36 Edg/103.0.1264.37"
::1 - - [26/Jun/2022:09:54:36 +0000] "GET /authentification_mobile/locataire_connexion/ij_terras@esi.dz HTTP/1.1" 200 2 "-" "PostmanRuntime/7.29.0"
::1 - - [26/Jun/2022:09:54:49 +0000] "GET /authentification_mobile/locataire_connexion/ij_terras@esi.dz HTTP/1.1" 200 2 "-" "PostmanRuntime/7.29.0"
